{"timestamp":"2026-04-19T09:20:02.820Z","level":"info","type":"system_event","event":"server_startup","data":{"port":"4000","timestamp":"2026-04-19T09:20:02.820Z"},"context":{"memoryUsage":{"rss":119099392,"heapTotal":76853248,"heapUsed":37107160,"external":21235207,"arrayBuffers":18699046},"uptime":1.7267208}}
{"timestamp":"2026-04-19T09:20:02.822Z","level":"info","type":"system_event","event":"alert_triggered","data":{"id":"alert_1","type":"high_memory_usage","severity":"high","timestamp":"2026-04-19T09:20:02.822Z","data":{"usage":95.48443855827394,"threshold":85,"freeMemory":760872960},"category":"system"},"context":{"memoryUsage":{"rss":119111680,"heapTotal":76853248,"heapUsed":37161896,"external":21235287,"arrayBuffers":18699086},"uptime":1.7289186}}
{"timestamp":"2026-04-19T09:20:02.823Z","level":"info","type":"system_event","event":"monitoring_started","data":{"intervals":{"HEALTH_CHECK":30000,"PERFORMANCE":60000,"RESOURCE_USAGE":120000,"CLEANUP":300000},"thresholds":{"CPU_USAGE":80,"MEMORY_USAGE":85,"ERROR_RATE":10,"RESPONSE_TIME":2000,"DISK_USAGE":90,"ACTIVE_CONNECTIONS":1000}},"context":{"memoryUsage":{"rss":119144448,"heapTotal":76853248,"heapUsed":37191752,"external":21235287,"arrayBuffers":18699086},"uptime":1.7302794}}
{"timestamp":"2026-04-19T09:20:02.826Z","level":"info","type":"system_event","event":"room_weekly_streak_reset_scheduler_started","data":{"nextRun":"2026-04-20T00:00:00.000Z","delayMs":52797175},"context":{"memoryUsage":{"rss":119144448,"heapTotal":76853248,"heapUsed":37215512,"external":21235287,"arrayBuffers":18699086},"uptime":1.7327042}}
{"timestamp":"2026-04-19T09:20:03.935Z","level":"warn","type":"performance","operation":"api_request","duration":1084,"threshold":1000,"performanceRatio":1.084,"isSlowOperation":true,"context":{"method":"POST","endpoint":"/api/auth/sync-profile","statusCode":200}}
{"timestamp":"2026-04-19T09:20:03.966Z","level":"info","type":"performance","operation":"api_request","duration":1,"threshold":1000,"performanceRatio":0.001,"isSlowOperation":false,"context":{"method":"OPTIONS","endpoint":"/api/admin/stats","statusCode":204}}
{"timestamp":"2026-04-19T09:20:03.968Z","level":"info","type":"performance","operation":"api_request","duration":1,"threshold":1000,"performanceRatio":0.001,"isSlowOperation":false,"context":{"method":"OPTIONS","endpoint":"/api/admin/stats","statusCode":204}}
{"timestamp":"2026-04-19T09:20:03.968Z","level":"info","type":"performance","operation":"api_request","duration":0,"threshold":1000,"performanceRatio":0,"isSlowOperation":false,"context":{"method":"OPTIONS","endpoint":"/api/notifications","statusCode":204}}
{"timestamp":"2026-04-19T09:20:03.969Z","level":"info","type":"performance","operation":"api_request","duration":1,"threshold":1000,"performanceRatio":0.001,"isSlowOperation":false,"context":{"method":"OPTIONS","endpoint":"/api/practice/stats/summary","statusCode":204}}
{"timestamp":"2026-04-19T09:20:03.969Z","level":"info","type":"performance","operation":"api_request","duration":0,"threshold":1000,"performanceRatio":0,"isSlowOperation":false,"context":{"method":"OPTIONS","endpoint":"/api/notifications","statusCode":204}}
{"timestamp":"2026-04-19T09:20:03.970Z","level":"info","type":"performance","operation":"api_request","duration":0,"threshold":1000,"performanceRatio":0,"isSlowOperation":false,"context":{"method":"OPTIONS","endpoint":"/api/practice?limit=5","statusCode":204}}
{"timestamp":"2026-04-19T09:20:03.970Z","level":"info","type":"performance","operation":"api_request","duration":0,"threshold":1000,"performanceRatio":0,"isSlowOperation":false,"context":{"method":"OPTIONS","endpoint":"/api/skills","statusCode":204}}
{"timestamp":"2026-04-19T09:20:03.971Z","level":"info","type":"performance","operation":"api_request","duration":0,"threshold":1000,"performanceRatio":0,"isSlowOperation":false,"context":{"method":"OPTIONS","endpoint":"/api/practice/stats/summary","statusCode":204}}
{"timestamp":"2026-04-19T09:20:03.980Z","level":"info","type":"performance","operation":"api_request","duration":0,"threshold":1000,"performanceRatio":0,"isSlowOperation":false,"context":{"method":"OPTIONS","endpoint":"/api/practice?limit=5","statusCode":204}}
{"timestamp":"2026-04-19T09:20:03.981Z","level":"info","type":"performance","operation":"api_request","duration":0,"threshold":1000,"performanceRatio":0,"isSlowOperation":false,"context":{"method":"OPTIONS","endpoint":"/api/skills","statusCode":204}}
{"timestamp":"2026-04-19T09:20:04.250Z","level":"info","type":"performance","operation":"api_request","duration":255,"threshold":1000,"performanceRatio":0.255,"isSlowOperation":false,"context":{"method":"GET","endpoint":"/api/practice?limit=5","statusCode":304}}
{"timestamp":"2026-04-19T09:20:04.296Z","level":"info","type":"performance","operation":"api_request","duration":325,"threshold":1000,"performanceRatio":0.325,"isSlowOperation":false,"context":{"method":"GET","endpoint":"/api/admin/stats","statusCode":403}}
{"timestamp":"2026-04-19T09:20:04.304Z","level":"info","type":"performance","operation":"api_request","duration":315,"threshold":1000,"performanceRatio":0.315,"isSlowOperation":false,"context":{"method":"GET","endpoint":"/api/practice/stats/summary","statusCode":200}}
{"timestamp":"2026-04-19T09:20:04.333Z","level":"info","type":"performance","operation":"api_request","duration":351,"threshold":1000,"performanceRatio":0.351,"isSlowOperation":false,"context":{"method":"GET","endpoint":"/api/notifications","statusCode":200}}
{"timestamp":"2026-04-19T09:20:04.498Z","level":"info","type":"performance","operation":"api_request","duration":161,"threshold":1000,"performanceRatio":0.161,"isSlowOperation":false,"context":{"method":"GET","endpoint":"/api/notifications","statusCode":200}}
{"timestamp":"2026-04-19T09:20:04.515Z","level":"info","type":"performance","operation":"api_request","duration":261,"threshold":1000,"performanceRatio":0.261,"isSlowOperation":false,"context":{"method":"GET","endpoint":"/api/practice?limit=5","statusCode":304}}
{"timestamp":"2026-04-19T09:20:04.532Z","level":"info","type":"performance","operation":"api_request","duration":531,"threshold":1000,"performanceRatio":0.531,"isSlowOperation":false,"context":{"method":"GET","endpoint":"/api/skills","statusCode":304}}
{"timestamp":"2026-04-19T09:20:04.551Z","level":"info","type":"performance","operation":"api_request","duration":3,"threshold":1000,"performanceRatio":0.003,"isSlowOperation":false,"context":{"method":"OPTIONS","endpoint":"/api/xp/profile","statusCode":204}}
{"timestamp":"2026-04-19T09:20:04.574Z","level":"info","type":"performance","operation":"api_request","duration":259,"threshold":1000,"performanceRatio":0.259,"isSlowOperation":false,"context":{"method":"GET","endpoint":"/api/practice/stats/summary","statusCode":200}}
{"timestamp":"2026-04-19T09:20:04.767Z","level":"info","type":"performance","operation":"api_request","duration":230,"threshold":1000,"performanceRatio":0.23,"isSlowOperation":false,"context":{"method":"GET","endpoint":"/api/skills","statusCode":304}}
{"timestamp":"2026-04-19T09:20:04.809Z","level":"info","type":"performance","operation":"api_request","duration":505,"threshold":1000,"performanceRatio":0.505,"isSlowOperation":false,"context":{"method":"GET","endpoint":"/api/admin/stats","statusCode":403}}
{"timestamp":"2026-04-19T09:20:04.955Z","level":"info","type":"performance","operation":"api_request","duration":401,"threshold":1000,"performanceRatio":0.401,"isSlowOperation":false,"context":{"method":"GET","endpoint":"/api/xp/profile","statusCode":304}}
{"timestamp":"2026-04-19T09:20:05.190Z","level":"info","type":"performance","operation":"api_request","duration":166,"threshold":1000,"performanceRatio":0.166,"isSlowOperation":false,"context":{"method":"POST","endpoint":"/api/auth/sync-profile","statusCode":200}}
{"timestamp":"2026-04-19T09:20:05.332Z","level":"info","type":"performance","operation":"api_request","duration":373,"threshold":1000,"performanceRatio":0.373,"isSlowOperation":false,"context":{"method":"GET","endpoint":"/api/xp/profile","statusCode":304}}
{"timestamp":"2026-04-19T09:20:09.109Z","level":"info","type":"performance","operation":"api_request","duration":1,"threshold":1000,"performanceRatio":0.001,"isSlowOperation":false,"context":{"method":"OPTIONS","endpoint":"/api/rooms","statusCode":204}}
{"timestamp":"2026-04-19T09:20:09.109Z","level":"info","type":"performance","operation":"api_request","duration":0,"threshold":1000,"performanceRatio":0,"isSlowOperation":false,"context":{"method":"OPTIONS","endpoint":"/api/rooms","statusCode":204}}
{"timestamp":"2026-04-19T09:20:09.219Z","level":"info","type":"performance","operation":"api_request","duration":130,"threshold":1000,"performanceRatio":0.13,"isSlowOperation":false,"context":{"method":"GET","endpoint":"/api/admin/stats","statusCode":403}}
{"timestamp":"2026-04-19T09:20:09.236Z","level":"info","type":"performance","operation":"api_request","duration":127,"threshold":1000,"performanceRatio":0.127,"isSlowOperation":false,"context":{"method":"GET","endpoint":"/api/notifications","statusCode":200}}
{"timestamp":"2026-04-19T09:20:09.317Z","level":"info","type":"performance","operation":"api_request","duration":204,"threshold":1000,"performanceRatio":0.204,"isSlowOperation":false,"context":{"method":"GET","endpoint":"/api/rooms","statusCode":304}}
{"timestamp":"2026-04-19T09:20:09.344Z","level":"info","type":"performance","operation":"api_request","duration":123,"threshold":1000,"performanceRatio":0.123,"isSlowOperation":false,"context":{"method":"GET","endpoint":"/api/admin/stats","statusCode":403}}
{"timestamp":"2026-04-19T09:20:09.355Z","level":"info","type":"performance","operation":"api_request","duration":117,"threshold":1000,"performanceRatio":0.117,"isSlowOperation":false,"context":{"method":"GET","endpoint":"/api/notifications","statusCode":200}}
{"timestamp":"2026-04-19T09:20:09.496Z","level":"info","type":"performance","operation":"api_request","duration":177,"threshold":1000,"performanceRatio":0.177,"isSlowOperation":false,"context":{"method":"GET","endpoint":"/api/rooms","statusCode":304}}
{"timestamp":"2026-04-19T09:20:11.926Z","level":"info","type":"performance","operation":"api_request","duration":1,"threshold":1000,"performanceRatio":0.001,"isSlowOperation":false,"context":{"method":"OPTIONS","endpoint":"/api/active-sessions/69e3cb31d1d1b47b61020a3e","statusCode":204}}
{"timestamp":"2026-04-19T09:20:12.032Z","level":"info","type":"performance","operation":"api_request","duration":105,"threshold":1000,"performanceRatio":0.105,"isSlowOperation":false,"context":{"method":"PUT","endpoint":"/api/active-sessions/69e3cb31d1d1b47b61020a3e","statusCode":200}}
{"timestamp":"2026-04-19T09:20:32.825Z","level":"info","type":"system_event","event":"alert_triggered","data":{"id":"alert_2","type":"high_memory_usage","severity":"high","timestamp":"2026-04-19T09:20:32.825Z","data":{"usage":93.10462352048584,"threshold":85,"freeMemory":1161822208},"category":"system"},"context":{"memoryUsage":{"rss":84742144,"heapTotal":40677376,"heapUsed":38731720,"external":21395182,"arrayBuffers":18840909},"uptime":31.7315476}}
{"timestamp":"2026-04-19T09:20:39.730Z","level":"info","type":"performance","operation":"api_request","duration":93,"threshold":1000,"performanceRatio":0.093,"isSlowOperation":false,"context":{"method":"GET","endpoint":"/api/notifications","statusCode":200}}
{"timestamp":"2026-04-19T09:21:02.832Z","level":"info","type":"system_event","event":"alert_triggered","data":{"id":"alert_3","type":"high_memory_usage","severity":"high","timestamp":"2026-04-19T09:21:02.832Z","data":{"usage":92.58286604156896,"threshold":85,"freeMemory":1249734656},"category":"system"},"context":{"memoryUsage":{"rss":84385792,"heapTotal":41201664,"heapUsed":38744392,"external":21410161,"arrayBuffers":18855888},"uptime":61.7384979}}
{"timestamp":"2026-04-19T09:21:07.183Z","level":"info","type":"performance","operation":"api_request","duration":94,"threshold":1000,"performanceRatio":0.094,"isSlowOperation":false,"context":{"method":"PUT","endpoint":"/api/active-sessions/69e3cb31d1d1b47b61020a3e","statusCode":200}}
{"timestamp":"2026-04-19T09:21:09.727Z","level":"info","type":"performance","operation":"api_request","duration":89,"threshold":1000,"performanceRatio":0.089,"isSlowOperation":false,"context":{"method":"GET","endpoint":"/api/notifications","statusCode":200}}
{"timestamp":"2026-04-19T09:21:22.165Z","level":"info","type":"performance","operation":"api_request","duration":1,"threshold":1000,"performanceRatio":0.001,"isSlowOperation":false,"context":{"method":"OPTIONS","endpoint":"/api/rooms/69e36e35e3814ac8ffa63fcf","statusCode":204}}
{"timestamp":"2026-04-19T09:21:22.166Z","level":"info","type":"performance","operation":"api_request","duration":0,"threshold":1000,"performanceRatio":0,"isSlowOperation":false,"context":{"method":"OPTIONS","endpoint":"/api/rooms/69e36e35e3814ac8ffa63fcf/members","statusCode":204}}
{"timestamp":"2026-04-19T09:21:22.167Z","level":"info","type":"performance","operation":"api_request","duration":0,"threshold":1000,"performanceRatio":0,"isSlowOperation":false,"context":{"method":"OPTIONS","endpoint":"/api/rooms/69e36e35e3814ac8ffa63fcf/skill-maps","statusCode":204}}
{"timestamp":"2026-04-19T09:21:22.168Z","level":"info","type":"performance","operation":"api_request","duration":1,"threshold":1000,"performanceRatio":0.001,"isSlowOperation":false,"context":{"method":"OPTIONS","endpoint":"/api/rooms/69e36e35e3814ac8ffa63fcf","statusCode":204}}
{"timestamp":"2026-04-19T09:21:22.177Z","level":"info","type":"performance","operation":"api_request","duration":1,"threshold":1000,"performanceRatio":0.001,"isSlowOperation":false,"context":{"method":"OPTIONS","endpoint":"/api/rooms/69e36e35e3814ac8ffa63fcf/members","statusCode":204}}
{"timestamp":"2026-04-19T09:21:22.178Z","level":"info","type":"performance","operation":"api_request","duration":1,"threshold":1000,"performanceRatio":0.001,"isSlowOperation":false,"context":{"method":"OPTIONS","endpoint":"/api/rooms/69e36e35e3814ac8ffa63fcf/skill-maps","statusCode":204}}
{"timestamp":"2026-04-19T09:21:22.252Z","level":"info","type":"performance","operation":"api_request","duration":84,"threshold":1000,"performanceRatio":0.084,"isSlowOperation":false,"context":{"method":"GET","endpoint":"/api/admin/stats","statusCode":403}}
{"timestamp":"2026-04-19T09:21:22.278Z","level":"info","type":"performance","operation":"api_request","duration":107,"threshold":1000,"performanceRatio":0.107,"isSlowOperation":false,"context":{"method":"GET","endpoint":"/api/notifications","statusCode":200}}
{"timestamp":"2026-04-19T09:21:22.347Z","level":"info","type":"performance","operation":"api_request","duration":169,"threshold":1000,"performanceRatio":0.169,"isSlowOperation":false,"context":{"method":"GET","endpoint":"/api/rooms/69e36e35e3814ac8ffa63fcf","statusCode":304}}
{"timestamp":"2026-04-19T09:21:22.356Z","level":"info","type":"performance","operation":"api_request","duration":103,"threshold":1000,"performanceRatio":0.103,"isSlowOperation":false,"context":{"method":"GET","endpoint":"/api/admin/stats","statusCode":403}}
{"timestamp":"2026-04-19T09:21:22.404Z","level":"info","type":"performance","operation":"api_request","duration":125,"threshold":1000,"performanceRatio":0.125,"isSlowOperation":false,"context":{"method":"GET","endpoint":"/api/notifications","statusCode":200}}
{"timestamp":"2026-04-19T09:21:22.451Z","level":"info","type":"performance","operation":"api_request","duration":264,"threshold":1000,"performanceRatio":0.264,"isSlowOperation":false,"context":{"method":"GET","endpoint":"/api/rooms/69e36e35e3814ac8ffa63fcf/members","statusCode":304}}
{"timestamp":"2026-04-19T09:21:22.472Z","level":"info","type":"performance","operation":"api_request","duration":270,"threshold":1000,"performanceRatio":0.27,"isSlowOperation":false,"context":{"method":"GET","endpoint":"/api/rooms/69e36e35e3814ac8ffa63fcf/skill-maps","statusCode":304}}
{"timestamp":"2026-04-19T09:21:22.483Z","level":"info","type":"performance","operation":"api_request","duration":1,"threshold":1000,"performanceRatio":0.001,"isSlowOperation":false,"context":{"method":"OPTIONS","endpoint":"/api/rooms/69e36e35e3814ac8ffa63fcf/leaderboard","statusCode":204}}
{"timestamp":"2026-04-19T09:21:22.484Z","level":"info","type":"performance","operation":"api_request","duration":1,"threshold":1000,"performanceRatio":0.001,"isSlowOperation":false,"context":{"method":"OPTIONS","endpoint":"/api/rooms/69e36e35e3814ac8ffa63fcf/leaderboard","statusCode":204}}
{"timestamp":"2026-04-19T09:21:22.509Z","level":"info","type":"performance","operation":"api_request","duration":159,"threshold":1000,"performanceRatio":0.159,"isSlowOperation":false,"context":{"method":"GET","endpoint":"/api/rooms/69e36e35e3814ac8ffa63fcf","statusCode":304}}
{"timestamp":"2026-04-19T09:21:22.662Z","level":"info","type":"performance","operation":"api_request","duration":210,"threshold":1000,"performanceRatio":0.21,"isSlowOperation":false,"context":{"method":"GET","endpoint":"/api/rooms/69e36e35e3814ac8ffa63fcf/members","statusCode":304}}
{"timestamp":"2026-04-19T09:21:22.688Z","level":"info","type":"performance","operation":"api_request","duration":215,"threshold":1000,"performanceRatio":0.215,"isSlowOperation":false,"context":{"method":"GET","endpoint":"/api/rooms/69e36e35e3814ac8ffa63fcf/skill-maps","statusCode":304}}
{"timestamp":"2026-04-19T09:21:22.804Z","level":"info","type":"performance","operation":"api_request","duration":319,"threshold":1000,"performanceRatio":0.319,"isSlowOperation":false,"context":{"method":"GET","endpoint":"/api/rooms/69e36e35e3814ac8ffa63fcf/leaderboard","statusCode":304}}
{"timestamp":"2026-04-19T09:21:23.106Z","level":"info","type":"performance","operation":"api_request","duration":300,"threshold":1000,"performanceRatio":0.3,"isSlowOperation":false,"context":{"method":"GET","endpoint":"/api/rooms/69e36e35e3814ac8ffa63fcf/leaderboard","statusCode":304}}
{"timestamp":"2026-04-19T09:21:32.843Z","level":"info","type":"system_event","event":"alert_triggered","data":{"id":"alert_4","type":"high_memory_usage","severity":"high","timestamp":"2026-04-19T09:21:32.843Z","data":{"usage":94.79086065066656,"threshold":85,"freeMemory":877703168},"category":"system"},"context":{"memoryUsage":{"rss":86360064,"heapTotal":42250240,"heapUsed":40271864,"external":21536023,"arrayBuffers":18981750},"uptime":91.7499451}}
{"timestamp":"2026-04-19T09:21:52.289Z","level":"info","type":"performance","operation":"api_request","duration":122,"threshold":1000,"performanceRatio":0.122,"isSlowOperation":false,"context":{"method":"GET","endpoint":"/api/notifications","statusCode":200}}
{"timestamp":"2026-04-19T09:22:02.830Z","level":"info","type":"system_event","event":"resource_usage","data":{"memory":{"used":40729448,"total":42774528,"percentage":95.21893029421622,"rss":85913600,"external":21537387},"cpu":{"user":2484000,"system":453000,"loadAverage":0},"system":{"uptime":73348.687,"freeMemory":1644630016,"totalMemory":16849293312,"memoryUsagePercentage":90.23917510636069}},"context":{"memoryUsage":{"rss":85913600,"heapTotal":42774528,"heapUsed":40731216,"external":21537387,"arrayBuffers":18983114},"uptime":121.7367097}}
{"timestamp":"2026-04-19T09:22:02.830Z","level":"info","type":"system_event","event":"alert_triggered","data":{"id":"alert_5","type":"high_memory_usage","severity":"high","timestamp":"2026-04-19T09:22:02.830Z","data":{"usage":90.23917510636069,"threshold":85,"freeMemory":1644630016},"category":"system"},"context":{"memoryUsage":{"rss":85913600,"heapTotal":42774528,"heapUsed":40732496,"external":21537387,"arrayBuffers":18983114},"uptime":121.7367508}}
{"timestamp":"2026-04-19T09:22:02.845Z","level":"info","type":"system_event","event":"alert_triggered","data":{"id":"alert_6","type":"high_memory_usage","severity":"high","timestamp":"2026-04-19T09:22:02.845Z","data":{"usage":90.24340498109076,"threshold":85,"freeMemory":1643917312},"category":"system"},"context":{"memoryUsage":{"rss":85921792,"heapTotal":42774528,"heapUsed":40768008,"external":21537387,"arrayBuffers":18983114},"uptime":121.7519467}}
{"timestamp":"2026-04-19T09:22:05.220Z","level":"info","type":"performance","operation":"api_request","duration":104,"threshold":1000,"performanceRatio":0.104,"isSlowOperation":false,"context":{"method":"PUT","endpoint":"/api/active-sessions/69e3cb31d1d1b47b61020a3e","statusCode":200}}
{"timestamp":"2026-04-19T09:22:22.729Z","level":"info","type":"performance","operation":"api_request","duration":93,"threshold":1000,"performanceRatio":0.093,"isSlowOperation":false,"context":{"method":"GET","endpoint":"/api/notifications","statusCode":200}}
{"timestamp":"2026-04-19T09:22:22.891Z","level":"info","type":"performance","operation":"api_request","duration":247,"threshold":1000,"performanceRatio":0.247,"isSlowOperation":false,"context":{"method":"GET","endpoint":"/api/rooms/69e36e35e3814ac8ffa63fcf/leaderboard","statusCode":304}}
{"timestamp":"2026-04-19T09:22:32.861Z","level":"info","type":"system_event","event":"alert_triggered","data":{"id":"alert_7","type":"high_memory_usage","severity":"high","timestamp":"2026-04-19T09:22:32.861Z","data":{"usage":86.99921261124996,"threshold":85,"freeMemory":2190544896},"category":"system"},"context":{"memoryUsage":{"rss":86581248,"heapTotal":42774528,"heapUsed":40834592,"external":21560599,"arrayBuffers":19006326},"uptime":151.767773}}
{"timestamp":"2026-04-19T09:22:39.121Z","level":"info","type":"performance","operation":"api_request","duration":1,"threshold":1000,"performanceRatio":0.001,"isSlowOperation":false,"context":{"method":"OPTIONS","endpoint":"/api/rooms/69e36e35e3814ac8ffa63fcf/skill-maps/69e3b99bef1e539b97d8942f","statusCode":204}}
{"timestamp":"2026-04-19T09:22:39.143Z","level":"info","type":"performance","operation":"api_request","duration":1,"threshold":1000,"performanceRatio":0.001,"isSlowOperation":false,"context":{"method":"OPTIONS","endpoint":"/api/rooms/69e36e35e3814ac8ffa63fcf/skill-maps/69e3b99bef1e539b97d8942f","statusCode":204}}
{"timestamp":"2026-04-19T09:22:39.214Z","level":"info","type":"performance","operation":"api_request","duration":91,"threshold":1000,"performanceRatio":0.091,"isSlowOperation":false,"context":{"method":"GET","endpoint":"/api/admin/stats","statusCode":403}}
{"timestamp":"2026-04-19T09:22:39.216Z","level":"info","type":"performance","operation":"api_request","duration":86,"threshold":1000,"performanceRatio":0.086,"isSlowOperation":false,"context":{"method":"GET","endpoint":"/api/notifications","statusCode":200}}
{"timestamp":"2026-04-19T09:22:39.306Z","level":"info","type":"performance","operation":"api_request","duration":89,"threshold":1000,"performanceRatio":0.089,"isSlowOperation":false,"context":{"method":"GET","endpoint":"/api/admin/stats","statusCode":403}}
{"timestamp":"2026-04-19T09:22:39.313Z","level":"info","type":"performance","operation":"api_request","duration":176,"threshold":1000,"performanceRatio":0.176,"isSlowOperation":false,"context":{"method":"GET","endpoint":"/api/rooms/69e36e35e3814ac8ffa63fcf/skill-maps/69e3b99bef1e539b97d8942f","statusCode":304}}
{"timestamp":"2026-04-19T09:22:39.324Z","level":"info","type":"performance","operation":"api_request","duration":93,"threshold":1000,"performanceRatio":0.093,"isSlowOperation":false,"context":{"method":"GET","endpoint":"/api/notifications","statusCode":200}}
{"timestamp":"2026-04-19T09:22:39.487Z","level":"info","type":"performance","operation":"api_request","duration":173,"threshold":1000,"performanceRatio":0.173,"isSlowOperation":false,"context":{"method":"GET","endpoint":"/api/rooms/69e36e35e3814ac8ffa63fcf/skill-maps/69e3b99bef1e539b97d8942f","statusCode":304}}
{"timestamp":"2026-04-19T09:22:41.421Z","level":"info","type":"performance","operation":"api_request","duration":101,"threshold":1000,"performanceRatio":0.101,"isSlowOperation":false,"context":{"method":"GET","endpoint":"/api/admin/stats","statusCode":403}}
{"timestamp":"2026-04-19T09:22:41.423Z","level":"info","type":"performance","operation":"api_request","duration":96,"threshold":1000,"performanceRatio":0.096,"isSlowOperation":false,"context":{"method":"GET","endpoint":"/api/notifications","statusCode":200}}
{"timestamp":"2026-04-19T09:22:41.466Z","level":"info","type":"performance","operation":"api_request","duration":134,"threshold":1000,"performanceRatio":0.134,"isSlowOperation":false,"context":{"method":"GET","endpoint":"/api/rooms/69e36e35e3814ac8ffa63fcf","statusCode":304}}
{"timestamp":"2026-04-19T09:22:41.516Z","level":"info","type":"performance","operation":"api_request","duration":89,"threshold":1000,"performanceRatio":0.089,"isSlowOperation":false,"context":{"method":"GET","endpoint":"/api/admin/stats","statusCode":403}}
{"timestamp":"2026-04-19T09:22:41.518Z","level":"info","type":"performance","operation":"api_request","duration":182,"threshold":1000,"performanceRatio":0.182,"isSlowOperation":false,"context":{"method":"GET","endpoint":"/api/rooms/69e36e35e3814ac8ffa63fcf/members","statusCode":304}}
{"timestamp":"2026-04-19T09:22:41.540Z","level":"info","type":"performance","operation":"api_request","duration":103,"threshold":1000,"performanceRatio":0.103,"isSlowOperation":false,"context":{"method":"GET","endpoint":"/api/notifications","statusCode":200}}
{"timestamp":"2026-04-19T09:22:41.545Z","level":"info","type":"performance","operation":"api_request","duration":205,"threshold":1000,"performanceRatio":0.205,"isSlowOperation":false,"context":{"method":"GET","endpoint":"/api/rooms/69e36e35e3814ac8ffa63fcf/skill-maps","statusCode":304}}
{"timestamp":"2026-04-19T09:22:41.588Z","level":"info","type":"performance","operation":"api_request","duration":121,"threshold":1000,"performanceRatio":0.121,"isSlowOperation":false,"context":{"method":"GET","endpoint":"/api/rooms/69e36e35e3814ac8ffa63fcf","statusCode":304}}
{"timestamp":"2026-04-19T09:22:41.687Z","level":"info","type":"performance","operation":"api_request","duration":167,"threshold":1000,"performanceRatio":0.167,"isSlowOperation":false,"context":{"method":"GET","endpoint":"/api/rooms/69e36e35e3814ac8ffa63fcf/members","statusCode":304}}
{"timestamp":"2026-04-19T09:22:41.714Z","level":"info","type":"performance","operation":"api_request","duration":164,"threshold":1000,"performanceRatio":0.164,"isSlowOperation":false,"context":{"method":"GET","endpoint":"/api/rooms/69e36e35e3814ac8ffa63fcf/skill-maps","statusCode":304}}
{"timestamp":"2026-04-19T09:22:41.800Z","level":"info","type":"performance","operation":"api_request","duration":245,"threshold":1000,"performanceRatio":0.245,"isSlowOperation":false,"context":{"method":"GET","endpoint":"/api/rooms/69e36e35e3814ac8ffa63fcf/leaderboard","statusCode":304}}
{"timestamp":"2026-04-19T09:22:42.058Z","level":"info","type":"performance","operation":"api_request","duration":257,"threshold":1000,"performanceRatio":0.257,"isSlowOperation":false,"context":{"method":"GET","endpoint":"/api/rooms/69e36e35e3814ac8ffa63fcf/leaderboard","statusCode":304}}
{"timestamp":"2026-04-19T09:22:43.284Z","level":"info","type":"performance","operation":"api_request","duration":84,"threshold":1000,"performanceRatio":0.084,"isSlowOperation":false,"context":{"method":"GET","endpoint":"/api/admin/stats","statusCode":403}}
{"timestamp":"2026-04-19T09:22:43.287Z","level":"info","type":"performance","operation":"api_request","duration":82,"threshold":1000,"performanceRatio":0.082,"isSlowOperation":false,"context":{"method":"GET","endpoint":"/api/notifications","statusCode":200}}
{"timestamp":"2026-04-19T09:22:43.372Z","level":"info","type":"performance","operation":"api_request","duration":84,"threshold":1000,"performanceRatio":0.084,"isSlowOperation":false,"context":{"method":"GET","endpoint":"/api/admin/stats","statusCode":403}}
{"timestamp":"2026-04-19T09:22:43.376Z","level":"info","type":"performance","operation":"api_request","duration":85,"threshold":1000,"performanceRatio":0.085,"isSlowOperation":false,"context":{"method":"GET","endpoint":"/api/notifications","statusCode":200}}
{"timestamp":"2026-04-19T09:22:43.378Z","level":"info","type":"performance","operation":"api_request","duration":165,"threshold":1000,"performanceRatio":0.165,"isSlowOperation":false,"context":{"method":"GET","endpoint":"/api/rooms","statusCode":304}}
{"timestamp":"2026-04-19T09:22:43.539Z","level":"info","type":"performance","operation":"api_request","duration":161,"threshold":1000,"performanceRatio":0.161,"isSlowOperation":false,"context":{"method":"GET","endpoint":"/api/rooms","statusCode":304}}
{"timestamp":"2026-04-19T09:22:44.775Z","level":"info","type":"performance","operation":"api_request","duration":80,"threshold":1000,"performanceRatio":0.08,"isSlowOperation":false,"context":{"method":"GET","endpoint":"/api/admin/stats","statusCode":403}}
{"timestamp":"2026-04-19T09:22:44.787Z","level":"info","type":"performance","operation":"api_request","duration":87,"threshold":1000,"performanceRatio":0.087,"isSlowOperation":false,"context":{"method":"GET","endpoint":"/api/notifications","statusCode":200}}
{"timestamp":"2026-04-19T09:22:44.837Z","level":"info","type":"performance","operation":"api_request","duration":130,"threshold":1000,"performanceRatio":0.13,"isSlowOperation":false,"context":{"method":"GET","endpoint":"/api/rooms/69e36e35e3814ac8ffa63fcf","statusCode":304}}
{"timestamp":"2026-04-19T09:22:44.865Z","level":"info","type":"performance","operation":"api_request","duration":88,"threshold":1000,"performanceRatio":0.088,"isSlowOperation":false,"context":{"method":"GET","endpoint":"/api/admin/stats","statusCode":403}}
{"timestamp":"2026-04-19T09:22:44.874Z","level":"info","type":"performance","operation":"api_request","duration":86,"threshold":1000,"performanceRatio":0.086,"isSlowOperation":false,"context":{"method":"GET","endpoint":"/api/notifications","statusCode":200}}
{"timestamp":"2026-04-19T09:22:44.884Z","level":"info","type":"performance","operation":"api_request","duration":172,"threshold":1000,"performanceRatio":0.172,"isSlowOperation":false,"context":{"method":"GET","endpoint":"/api/rooms/69e36e35e3814ac8ffa63fcf/members","statusCode":304}}
{"timestamp":"2026-04-19T09:22:44.896Z","level":"info","type":"performance","operation":"api_request","duration":178,"threshold":1000,"performanceRatio":0.178,"isSlowOperation":false,"context":{"method":"GET","endpoint":"/api/rooms/69e36e35e3814ac8ffa63fcf/skill-maps","statusCode":304}}
{"timestamp":"2026-04-19T09:22:44.973Z","level":"info","type":"performance","operation":"api_request","duration":132,"threshold":1000,"performanceRatio":0.132,"isSlowOperation":false,"context":{"method":"GET","endpoint":"/api/rooms/69e36e35e3814ac8ffa63fcf","statusCode":304}}
{"timestamp":"2026-04-19T09:22:45.050Z","level":"info","type":"performance","operation":"api_request","duration":164,"threshold":1000,"performanceRatio":0.164,"isSlowOperation":false,"context":{"method":"GET","endpoint":"/api/rooms/69e36e35e3814ac8ffa63fcf/members","statusCode":304}}
{"timestamp":"2026-04-19T09:22:45.066Z","level":"info","type":"performance","operation":"api_request","duration":169,"threshold":1000,"performanceRatio":0.169,"isSlowOperation":false,"context":{"method":"GET","endpoint":"/api/rooms/69e36e35e3814ac8ffa63fcf/skill-maps","statusCode":304}}
{"timestamp":"2026-04-19T09:22:45.152Z","level":"info","type":"performance","operation":"api_request","duration":250,"threshold":1000,"performanceRatio":0.25,"isSlowOperation":false,"context":{"method":"GET","endpoint":"/api/rooms/69e36e35e3814ac8ffa63fcf/leaderboard","statusCode":304}}
{"timestamp":"2026-04-19T09:22:45.390Z","level":"info","type":"performance","operation":"api_request","duration":237,"threshold":1000,"performanceRatio":0.237,"isSlowOperation":false,"context":{"method":"GET","endpoint":"/api/rooms/69e36e35e3814ac8ffa63fcf/leaderboard","statusCode":304}}
{"timestamp":"2026-04-19T09:22:54.570Z","level":"info","type":"performance","operation":"api_request","duration":86,"threshold":1000,"performanceRatio":0.086,"isSlowOperation":false,"context":{"method":"PUT","endpoint":"/api/active-sessions/69e3cb31d1d1b47b61020a3e","statusCode":200}}
